<?xml version="1.0" encoding="UTF-8"?>
<testng-results ignored="0" total="1" passed="0" failed="1" skipped="0">
  <reporter-output>
  </reporter-output>
  <suite started-at="2019-09-04T17:40:45 IST" name="Default suite" finished-at="2019-09-04T17:40:55 IST" duration-ms="10034">
    <groups>
    </groups>
    <test started-at="2019-09-04T17:40:45 IST" name="Default test" finished-at="2019-09-04T17:40:55 IST" duration-ms="10034">
      <class name="global.coda.hospital.operations.OperationsTest">
        <test-method is-config="true" signature="SetUp()[pri:0, instance:global.coda.hospital.operations.OperationsTest@1d76aeea]" started-at="2019-09-04T17:40:45 IST" name="SetUp" finished-at="2019-09-04T17:40:46 IST" duration-ms="781" status="PASS">
          <reporter-output>
          </reporter-output>
        </test-method> <!-- SetUp -->
        <test-method signature="updateIOTest()[pri:0, instance:global.coda.hospital.operations.OperationsTest@1d76aeea]" started-at="2019-09-04T17:40:46 IST" name="updateIOTest" finished-at="2019-09-04T17:40:55 IST" duration-ms="9221" status="FAIL">
          <exception class="org.testng.TestException">
            <message>
              <![CDATA[
The exception was thrown with the wrong message: expected "Invalid Input Exception" but got "HOS1000E:Invalid Input Exception"]]>
            </message>
            <full-stacktrace>
              <![CDATA[org.testng.TestException: 
The exception was thrown with the wrong message: expected "Invalid Input Exception" but got "HOS1000E:Invalid Input Exception"
at org.testng.internal.ExpectedExceptionsHolder.wrongException(ExpectedExceptionsHolder.java:70)
at org.testng.internal.TestInvoker.considerExceptions(TestInvoker.java:719)
at org.testng.internal.TestInvoker.invokeMethod(TestInvoker.java:616)
at org.testng.internal.TestInvoker.invokeTestMethod(TestInvoker.java:172)
at org.testng.internal.MethodRunner.runInSequence(MethodRunner.java:46)
at org.testng.internal.TestInvoker$MethodInvocationAgent.invoke(TestInvoker.java:804)
at org.testng.internal.TestInvoker.invokeTestMethods(TestInvoker.java:145)
at org.testng.internal.TestMethodWorker.invokeTestMethods(TestMethodWorker.java:146)
at org.testng.internal.TestMethodWorker.run(TestMethodWorker.java:128)
at java.base/java.util.ArrayList.forEach(ArrayList.java:1540)
at org.testng.TestRunner.privateRun(TestRunner.java:770)
at org.testng.TestRunner.run(TestRunner.java:591)
at org.testng.SuiteRunner.runTest(SuiteRunner.java:402)
at org.testng.SuiteRunner.runSequentially(SuiteRunner.java:396)
at org.testng.SuiteRunner.privateRun(SuiteRunner.java:355)
at org.testng.SuiteRunner.run(SuiteRunner.java:304)
at org.testng.SuiteRunnerWorker.runSuite(SuiteRunnerWorker.java:53)
at org.testng.SuiteRunnerWorker.run(SuiteRunnerWorker.java:96)
at org.testng.TestNG.runSuitesSequentially(TestNG.java:1180)
at org.testng.TestNG.runSuitesLocally(TestNG.java:1102)
at org.testng.TestNG.runSuites(TestNG.java:1032)
at org.testng.TestNG.run(TestNG.java:1000)
at org.testng.remote.AbstractRemoteTestNG.run(AbstractRemoteTestNG.java:115)
at org.testng.remote.RemoteTestNG.initAndRun(RemoteTestNG.java:251)
at org.testng.remote.RemoteTestNG.main(RemoteTestNG.java:77)
Caused by: global.coda.hospital.exceptions.HospitalExceptions: HOS1000E:Invalid Input Exception
at global.coda.hospital.operations.Operations.updateRecord(Operations.java:201)
at global.coda.hospital.operations.OperationsTest.updateIOTest(OperationsTest.java:31)
at java.base/jdk.internal.reflect.NativeMethodAccessorImpl.invoke0(Native Method)
at java.base/jdk.internal.reflect.NativeMethodAccessorImpl.invoke(NativeMethodAccessorImpl.java:62)
at java.base/jdk.internal.reflect.DelegatingMethodAccessorImpl.invoke(DelegatingMethodAccessorImpl.java:43)
at java.base/java.lang.reflect.Method.invoke(Method.java:567)
at org.testng.internal.MethodInvocationHelper.invokeMethod(MethodInvocationHelper.java:133)
at org.testng.internal.TestInvoker.invokeMethod(TestInvoker.java:584)
... 22 more
]]>
            </full-stacktrace>
          </exception> <!-- org.testng.TestException -->
          <reporter-output>
          </reporter-output>
        </test-method> <!-- updateIOTest -->
      </class> <!-- global.coda.hospital.operations.OperationsTest -->
    </test> <!-- Default test -->
  </suite> <!-- Default suite -->
</testng-results>
